Mplus VERSION 8.6 (Mac)
MUTHEN & MUTHEN
01/26/2022  11:03 AM

INPUT INSTRUCTIONS

  TITLE:	EFA with continuous, censored, categorical, and count factor indicators

  DATA:	FILE = "NoSite01.csv";
  listwise is on;

  VARIABLE:

  NAMES =
  altID
  famhx_ss_fath_prob_alc_p
  famhx_ss_fath_prob_dg_p
  asr_scr_anxdisord_r
  asr_scr_somaticpr_r
  asr_scr_depress_r
  asr_scr_avoidant_r
  asr_scr_adhd_r
  asr_scr_antisocial_r
  demo_prnt_ed_v2
  demo_comb_income_v2
  crpbi_parent1_y
  crpbi_caregiver12_y
  crpbi_parent2_y
  crpbi_caregiver13_y
  crpbi_parent3_y
  crpbi_caregiver14_y
  crpbi_parent4_y
  crpbi_caregiver15_y
  crpbi_parent5_y
  crpbi_caregiver16_y
  fes_youth_q1
  fes_youth_q2
  fes_youth_q3
  fes_youth_q4
  fes_youth_q5
  fes_youth_q6
  fes_youth_q7
  fes_youth_q8
  fes_youth_q9
  fam_enviro1_p
  fam_enviro2r_p
  fam_enviro3_p
  fam_enviro4r_p
  fam_enviro5_p
  fam_enviro6_p
  fam_enviro7r_p
  fam_enviro8_p
  fam_enviro9r_p
  ksads_ptsd_raw_754_p
  ksads_ptsd_raw_755_p
  ksads_ptsd_raw_756_p
  ksads_ptsd_raw_757_p
  ksads_ptsd_raw_766_p
  ksads_ptsd_raw_770_p
  parent_monitor_q1_y
  parent_monitor_q2_y
  parent_monitor_q3_y
  parent_monitor_q4_y
  parent_monitor_q5_y
  nsc_p_ss_mean_3_items
  neighborhood_crime_y
  reshist_addr1_adi_wsum
  demo_prim_biosep
  demo_parent_sep
  ksads_ptsd_raw_758_759_760
  ksads_ptsd_raw_761_to_765
  ksads_ptsd_raw_767_768_769
  demo_fam_exp1_5_v2
  demo_fam_exp6_7_v2
  famhx_ss_moth_prob_alc_dg;

  USEVARIABLES=
  famhx_ss_fath_prob_alc_p
  famhx_ss_fath_prob_dg_p
  asr_scr_anxdisord_r
  asr_scr_somaticpr_r
  asr_scr_depress_r
  asr_scr_avoidant_r
  asr_scr_adhd_r
  asr_scr_antisocial_r
  demo_prnt_ed_v2
  demo_comb_income_v2
  crpbi_parent1_y
  crpbi_caregiver12_y
  crpbi_parent2_y
  crpbi_caregiver13_y
  crpbi_parent3_y
  crpbi_caregiver14_y
  crpbi_parent4_y
  crpbi_caregiver15_y
  crpbi_parent5_y
  crpbi_caregiver16_y
  fes_youth_q1
  fes_youth_q2
  fes_youth_q3
  fes_youth_q4
  fes_youth_q5
  fes_youth_q6
  fes_youth_q7
  fes_youth_q8
  fes_youth_q9
  fam_enviro1_p
  fam_enviro2r_p
  fam_enviro3_p
  fam_enviro4r_p
  fam_enviro5_p
  fam_enviro6_p
  fam_enviro7r_p
  fam_enviro8_p
  fam_enviro9r_p
  ksads_ptsd_raw_754_p
  ksads_ptsd_raw_755_p
  ksads_ptsd_raw_756_p
  ksads_ptsd_raw_757_p
  ksads_ptsd_raw_766_p
  ksads_ptsd_raw_770_p
  parent_monitor_q1_y
  parent_monitor_q2_y
  parent_monitor_q3_y
  parent_monitor_q4_y
  parent_monitor_q5_y
  nsc_p_ss_mean_3_items
  neighborhood_crime_y
  reshist_addr1_adi_wsum
  demo_prim_biosep
  demo_parent_sep
  ksads_ptsd_raw_758_759_760
  ksads_ptsd_raw_761_to_765
  ksads_ptsd_raw_767_768_769
  demo_fam_exp1_5_v2
  demo_fam_exp6_7_v2
  famhx_ss_moth_prob_alc_dg;

  CATEGORICAL =
  famhx_ss_fath_prob_alc_p
  famhx_ss_fath_prob_dg_p
  demo_prnt_ed_v2
  demo_comb_income_v2
  crpbi_parent1_y
  crpbi_caregiver12_y
  crpbi_parent2_y
  crpbi_caregiver13_y
  crpbi_parent3_y
  crpbi_caregiver14_y
  crpbi_parent4_y
  crpbi_caregiver15_y
  crpbi_parent5_y
  crpbi_caregiver16_y
  fes_youth_q1
  fes_youth_q2
  fes_youth_q3
  fes_youth_q4
  fes_youth_q5
  fes_youth_q6
  fes_youth_q7
  fes_youth_q8
  fes_youth_q9
  fam_enviro1_p
  fam_enviro2r_p
  fam_enviro3_p
  fam_enviro4r_p
  fam_enviro5_p
  fam_enviro6_p
  fam_enviro7r_p
  fam_enviro8_p
  fam_enviro9r_p
  ksads_ptsd_raw_754_p
  ksads_ptsd_raw_755_p
  ksads_ptsd_raw_756_p
  ksads_ptsd_raw_757_p
  ksads_ptsd_raw_766_p
  ksads_ptsd_raw_770_p
  demo_prim_biosep
  demo_parent_sep
  ksads_ptsd_raw_758_759_760
  ksads_ptsd_raw_761_to_765
  ksads_ptsd_raw_767_768_769
  demo_fam_exp1_5_v2
  demo_fam_exp6_7_v2
  famhx_ss_moth_prob_alc_dg;

  IDVARIABLE IS altID;

  ANALYSIS: iterations = 1000;

  ! requests scree plot;
  !plot: type = plot2;

  MODEL:
  f1-f15 BY
  famhx_ss_fath_prob_alc_p-famhx_ss_moth_prob_alc_dg (*1);

  !savedata: file is 10factors_fscores.dat;
  !save = fscores;

  !OUTPUT: SAMPSTAT;



*** WARNING in VARIABLE command
  Note that only the first 8 characters of variable names are used in the output.
  Shorten variable names to avoid any confusion.
   1 WARNING(S) FOUND IN THE INPUT INSTRUCTIONS



EFA with continuous, censored, categorical, and count factor indicators

SUMMARY OF ANALYSIS

Number of groups                                                 1
Number of observations                                        6902

Number of dependent variables                                   60
Number of independent variables                                  0
Number of continuous latent variables                           15

Observed dependent variables

  Continuous
   ASR_SCR_AN  ASR_SCR_SO  ASR_SCR_DE  ASR_SCR_AV  ASR_SCR_AD  ASR_SCR_AN
   PARENT_MON  PARENT_MON  PARENT_MON  PARENT_MON  PARENT_MON  NSC_P_SS_M
   NEIGHBORHO  RESHIST_AD

  Binary and ordered categorical (ordinal)
   FAMHX_SS    FAMHX_SS    DEMO_PRN    DEMO_COM    CRPBI_PA    CRPBI_CA
   CRPBI_PA    CRPBI_CA    CRPBI_PA    CRPBI_CA    CRPBI_PA    CRPBI_CA
   CRPBI_PA    CRPBI_CA    FES_YOUT    FES_YOUT    FES_YOUT    FES_YOUT
   FES_YOUT    FES_YOUT    FES_YOUT    FES_YOUT    FES_YOUT    FAM_ENVI
   FAM_ENVI    FAM_ENVI    FAM_ENVI    FAM_ENVI    FAM_ENVI    FAM_ENVI
   FAM_ENVI    FAM_ENVI    KSADS_PT    KSADS_PT    KSADS_PT    KSADS_PT
   KSADS_PT    KSADS_PT    DEMO_PRI    DEMO_PAR    KSADS_PT    KSADS_PT
   KSADS_PT    DEMO_FAM    DEMO_FAM    FAMHX_SS

Continuous latent variables

  EFA factors
  *1:   F1          F2          F3          F4          F5          F6
   F7          F8          F9          F10         F11         F12
   F13         F14         F15

Variables with special functions

  ID variable           ALTID

Estimator                                                    WLSMV
Rotation                                                    GEOMIN
Row standardization                                    CORRELATION
Type of rotation                                           OBLIQUE
Epsilon value                                               Varies
Maximum number of iterations                                  1000
Convergence criterion                                    0.500D-04
Maximum number of steepest descent iterations                   20
Optimization Specifications for the Exploratory Factor Analysis
Rotation Algorithm
  Number of random starts                                       30
  Maximum number of iterations                               10000
  Derivative convergence criterion                       0.100D-04
Parameterization                                             DELTA
Link                                                        PROBIT

Input data file(s)
  NoSite01.csv

Input data format  FREE


UNIVARIATE PROPORTIONS AND COUNTS FOR CATEGORICAL VARIABLES

    FAMHX_SS
      Category 1    0.880         6074.000
      Category 2    0.120          828.000
    FAMHX_SS
      Category 1    0.915         6316.000
      Category 2    0.085          586.000
    DEMO_PRN
      Category 1    0.379         2614.000
      Category 2    0.271         1871.000
      Category 3    0.241         1663.000
      Category 4    0.078          540.000
      Category 5    0.031          214.000
    DEMO_COM
      Category 1    0.122          842.000
      Category 2    0.324         2238.000
      Category 3    0.153         1056.000
      Category 4    0.138          951.000
      Category 5    0.082          566.000
      Category 6    0.055          378.000
      Category 7    0.040          273.000
      Category 8    0.024          164.000
      Category 9    0.032          223.000
      Category 10    0.031          211.000
    CRPBI_PA
      Category 1    0.794         5477.000
      Category 2    0.186         1284.000
      Category 3    0.020          141.000
    CRPBI_CA
      Category 1    0.657         4536.000
      Category 2    0.292         2018.000
      Category 3    0.050          348.000
    CRPBI_PA
      Category 1    0.765         5281.000
      Category 2    0.217         1498.000
      Category 3    0.018          123.000
    CRPBI_CA
      Category 1    0.713         4922.000
      Category 2    0.242         1668.000
      Category 3    0.045          312.000
    CRPBI_PA
      Category 1    0.814         5617.000
      Category 2    0.171         1182.000
      Category 3    0.015          103.000
    CRPBI_CA
      Category 1    0.723         4993.000
      Category 2    0.240         1659.000
      Category 3    0.036          250.000
    CRPBI_PA
      Category 1    0.940         6487.000
      Category 2    0.056          386.000
      Category 3    0.004           29.000
    CRPBI_CA
      Category 1    0.887         6119.000
      Category 2    0.102          703.000
      Category 3    0.012           80.000
    CRPBI_PA
      Category 1    0.700         4834.000
      Category 2    0.272         1877.000
      Category 3    0.028          191.000
    CRPBI_CA
      Category 1    0.655         4519.000
      Category 2    0.287         1982.000
      Category 3    0.058          401.000
    FES_YOUT
      Category 1    0.770         5313.000
      Category 2    0.230         1589.000
    FES_YOUT
      Category 1    0.683         4716.000
      Category 2    0.317         2186.000
    FES_YOUT
      Category 1    0.881         6080.000
      Category 2    0.119          822.000
    FES_YOUT
      Category 1    0.643         4438.000
      Category 2    0.357         2464.000
    FES_YOUT
      Category 1    0.814         5621.000
      Category 2    0.186         1281.000
    FES_YOUT
      Category 1    0.793         5473.000
      Category 2    0.207         1429.000
    FES_YOUT
      Category 1    0.915         6312.000
      Category 2    0.085          590.000
    FES_YOUT
      Category 1    0.781         5392.000
      Category 2    0.219         1510.000
    FES_YOUT
      Category 1    0.765         5277.000
      Category 2    0.235         1625.000
    FAM_ENVI
      Category 1    0.840         5796.000
      Category 2    0.160         1106.000
    FAM_ENVI
      Category 1    0.500         3453.000
      Category 2    0.500         3449.000
    FAM_ENVI
      Category 1    0.876         6047.000
      Category 2    0.124          855.000
    FAM_ENVI
      Category 1    0.486         3354.000
      Category 2    0.514         3548.000
    FAM_ENVI
      Category 1    0.682         4708.000
      Category 2    0.318         2194.000
    FAM_ENVI
      Category 1    0.890         6143.000
      Category 2    0.110          759.000
    FAM_ENVI
      Category 1    0.892         6160.000
      Category 2    0.108          742.000
    FAM_ENVI
      Category 1    0.841         5808.000
      Category 2    0.159         1094.000
    FAM_ENVI
      Category 1    0.497         3427.000
      Category 2    0.503         3475.000
    KSADS_PT
      Category 1    0.962         6640.000
      Category 2    0.038          262.000
    KSADS_PT
      Category 1    0.955         6591.000
      Category 2    0.045          311.000
    KSADS_PT
      Category 1    0.977         6745.000
      Category 2    0.023          157.000
    KSADS_PT
      Category 1    0.976         6734.000
      Category 2    0.024          168.000
    KSADS_PT
      Category 1    0.928         6407.000
      Category 2    0.072          495.000
    KSADS_PT
      Category 1    0.762         5258.000
      Category 2    0.238         1644.000
    DEMO_PRI
      Category 1    0.974         6722.000
      Category 2    0.026          180.000
    DEMO_PAR
      Category 1    0.783         5402.000
      Category 2    0.217         1500.000
    KSADS_PT
      Category 1    0.988         6821.000
      Category 2    0.010           71.000
      Category 3    0.001           10.000
    KSADS_PT
      Category 1    0.985         6800.000
      Category 2    0.013           92.000
      Category 3    0.001           10.000
    KSADS_PT
      Category 1    0.982         6781.000
      Category 2    0.016          109.000
      Category 3    0.002           12.000
    DEMO_FAM
      Category 1    0.852         5879.000
      Category 2    0.112          772.000
      Category 3    0.033          226.000
      Category 4    0.004           25.000
    DEMO_FAM
      Category 1    0.900         6215.000
      Category 2    0.065          448.000
      Category 3    0.035          239.000
    FAMHX_SS
      Category 1    0.947         6536.000
      Category 2    0.039          271.000
      Category 3    0.014           95.000



UNIVARIATE SAMPLE STATISTICS


     UNIVARIATE HIGHER-ORDER MOMENT DESCRIPTIVE STATISTICS

         Variable/         Mean/     Skewness/   Minimum/ % with                Percentiles
        Sample Size      Variance    Kurtosis    Maximum  Min/Max      20%/60%    40%/80%    Median

     ASR_SCR_ANXDISO       3.695       0.640       0.000    8.98%       1.000      3.000      3.000
            6902.000       6.520       0.001      12.000    0.41%       4.000      6.000
     ASR_SCR_SOMATIC       1.871       1.864       0.000   35.73%       0.000      1.000      1.000
            6902.000       5.282       4.611      18.000    0.03%       2.000      3.000
     ASR_SCR_DEPRESS       3.949       1.424       0.000   12.42%       1.000      2.000      3.000
            6902.000      12.996       2.432      28.000    0.01%       4.000      6.000
     ASR_SCR_AVOIDAN       2.014       1.318       0.000   30.50%       0.000      1.000      1.000
            6902.000       4.563       1.760      14.000    0.01%       2.000      4.000
     ASR_SCR_ADHD_R        3.769       1.428       0.000   17.10%       1.000      2.000      3.000
            6902.000      13.259       2.349      24.000    0.01%       4.000      6.000
     ASR_SCR_ANTISOC       2.091       2.118       0.000   29.60%       0.000      1.000      1.000
            6902.000       6.099       6.660      22.000    0.01%       2.000      3.000
     PARENT_MONITOR_       1.263       2.254       1.000   78.27%       1.000      1.000      1.000
            6902.000       0.296       5.726       5.000    0.12%       1.000      2.000
     PARENT_MONITOR_       1.386       2.505       1.000   74.62%       1.000      1.000      1.000
            6902.000       0.624       6.817       5.000    1.70%       1.000      2.000
     PARENT_MONITOR_       1.436       2.375       1.000   72.89%       1.000      1.000      1.000
            6902.000       0.750       5.678       5.000    2.29%       1.000      2.000
     PARENT_MONITOR_       3.738      -0.702       1.000    6.22%       3.000      4.000      4.000
            6902.000       1.398      -0.343       5.000   32.90%       4.000      5.000
     PARENT_MONITOR_       1.637       1.422       1.000   61.30%       1.000      1.000      1.000
            6902.000       0.883       1.341       5.000    1.27%       1.000      2.000
     NSC_P_SS_MEAN_3      -3.943       0.924      -5.000   21.43%      -5.000     -4.333     -4.000
            6902.000       0.854       0.594      -1.000    1.51%      -4.000     -3.333
     NEIGHBORHOOD_CR       1.917       1.049       1.000   45.16%       1.000      1.000      2.000
            6902.000       1.095       0.462       5.000    2.80%       2.000      3.000
     RESHIST_ADDR1_A      93.985      -1.810       1.067    0.01%      83.006     94.576     98.149
            6902.000     450.442       4.244     125.749    0.03%     101.729    109.800


THE MODEL ESTIMATION TERMINATED NORMALLY



MODEL FIT INFORMATION

Number of Free Parameters                      897

Chi-Square Test of Model Fit

          Value                           2273.810*
          Degrees of Freedom                   975
          P-Value                           0.0000

*   The chi-square value for MLM, MLMV, MLR, ULSMV, WLSM and WLSMV cannot be used
    for chi-square difference testing in the regular way.  MLM, MLR and WLSM
    chi-square difference testing is described on the Mplus website.  MLMV, WLSMV,
    and ULSMV difference testing is done using the DIFFTEST option.

RMSEA (Root Mean Square Error Of Approximation)

          Estimate                           0.014
          90 Percent C.I.                    0.013  0.015
          Probability RMSEA <= .05           1.000

CFI/TLI

          CFI                                0.986
          TLI                                0.975

Chi-Square Test of Model Fit for the Baseline Model

          Value                          97870.706
          Degrees of Freedom                  1770
          P-Value                           0.0000

SRMR (Standardized Root Mean Square Residual)

          Value                              0.023

Optimum Function Value for Weighted Least-Squares Estimator

          Value                     0.91526329D-01



MODEL RESULTS

                                                    Two-Tailed
                    Estimate       S.E.  Est./S.E.    P-Value

 F1       BY
    FAMHX_SS_F         0.004      0.017      0.222      0.824
    FAMHX_SS_F         0.043      0.019      2.307      0.021
    ASR_SCR_AN         1.841      0.033     56.331      0.000
    ASR_SCR_SO         1.272      0.028     45.558      0.000
    ASR_SCR_DE         3.333      0.039     85.478      0.000
    ASR_SCR_AV         1.498      0.026     57.295      0.000
    ASR_SCR_AD         2.600      0.044     59.199      0.000
    ASR_SCR_AN         1.312      0.029     44.861      0.000
    DEMO_PRNT_        -0.001      0.012     -0.086      0.932
    DEMO_COMB_         0.047      0.012      3.936      0.000
    CRPBI_PARE        -0.021      0.015     -1.448      0.148
    CRPBI_CARE        -0.012      0.013     -0.952      0.341
    CRPBI_PARE         0.013      0.017      0.776      0.438
    CRPBI_CARE        -0.017      0.015     -1.118      0.264
    CRPBI_PARE        -0.014      0.015     -0.892      0.372
    CRPBI_CARE         0.014      0.013      1.070      0.285
    CRPBI_PARE         0.046      0.020      2.258      0.024
    CRPBI_CARE        -0.014      0.015     -0.926      0.355
    CRPBI_PARE        -0.005      0.013     -0.379      0.705
    CRPBI_CARE         0.007      0.012      0.624      0.533
    FES_YOUTH_         0.026      0.017      1.526      0.127
    FES_YOUTH_         0.013      0.015      0.852      0.394
    FES_YOUTH_         0.017      0.017      0.970      0.332
    FES_YOUTH_         0.019      0.016      1.231      0.218
    FES_YOUTH_        -0.038      0.019     -1.994      0.046
    FES_YOUTH_        -0.009      0.015     -0.619      0.536
    FES_YOUTH_        -0.004      0.022     -0.182      0.856
    FES_YOUTH_        -0.039      0.019     -2.058      0.040
    FES_YOUTH_        -0.001      0.020     -0.037      0.971
    FAM_ENVIRO         0.092      0.019      4.738      0.000
    FAM_ENVIRO        -0.040      0.014     -2.755      0.006
    FAM_ENVIRO         0.060      0.019      3.162      0.002
    FAM_ENVIRO         0.001      0.011      0.118      0.906
    FAM_ENVIRO         0.021      0.016      1.305      0.192
    FAM_ENVIRO        -0.026      0.013     -1.930      0.054
    FAM_ENVIRO        -0.057      0.023     -2.519      0.012
    FAM_ENVIRO        -0.017      0.015     -1.103      0.270
    FAM_ENVIRO         0.051      0.019      2.778      0.005
    KSADS_PTSD         0.005      0.030      0.162      0.871
    KSADS_PTSD         0.060      0.031      1.948      0.051
    KSADS_PTSD         0.049      0.036      1.338      0.181
    KSADS_PTSD         0.017      0.032      0.514      0.607
    KSADS_PTSD         0.005      0.023      0.198      0.843
    KSADS_PTSD         0.074      0.022      3.347      0.001
    PARENT_MON         0.013      0.007      1.823      0.068
    PARENT_MON         0.005      0.010      0.545      0.585
    PARENT_MON        -0.016      0.013     -1.268      0.205
    PARENT_MON        -0.026      0.017     -1.498      0.134
    PARENT_MON         0.044      0.014      3.190      0.001
    NSC_P_SS_M         0.019      0.013      1.461      0.144
    NEIGHBORHO        -0.030      0.014     -2.160      0.031
    RESHIST_AD         0.008      0.295      0.029      0.977
    DEMO_PRIM_        -0.064      0.033     -1.958      0.050
    DEMO_PAREN        -0.031      0.016     -1.999      0.046
    KSADS_PTSD        -0.069      0.038     -1.834      0.067
    KSADS_PTSD        -0.021      0.031     -0.699      0.485
    KSADS_PTSD         0.081      0.036      2.217      0.027
    DEMO_FAM_E         0.061      0.021      2.919      0.004
    DEMO_FAM_E         0.175      0.030      5.912      0.000
    FAMHX_SS_M         0.042      0.022      1.888      0.059

 F2       BY
    FAMHX_SS_F         0.023      0.025      0.924      0.356
    FAMHX_SS_F         0.034      0.029      1.194      0.232
    ASR_SCR_AN         0.062      0.032      1.924      0.054
    ASR_SCR_SO         0.108      0.039      2.797      0.005
    ASR_SCR_DE         0.044      0.035      1.249      0.212
    ASR_SCR_AV        -0.050      0.028     -1.780      0.075
    ASR_SCR_AD        -0.085      0.046     -1.847      0.065
    ASR_SCR_AN         0.057      0.039      1.454      0.146
    DEMO_PRNT_         0.637      0.028     22.391      0.000
    DEMO_COMB_         0.929      0.034     27.191      0.000
    CRPBI_PARE        -0.028      0.021     -1.325      0.185
    CRPBI_CARE        -0.029      0.020     -1.453      0.146
    CRPBI_PARE         0.044      0.024      1.858      0.063
    CRPBI_CARE         0.017      0.021      0.834      0.404
    CRPBI_PARE         0.013      0.020      0.653      0.514
    CRPBI_CARE         0.027      0.019      1.436      0.151
    CRPBI_PARE        -0.033      0.022     -1.480      0.139
    CRPBI_CARE         0.011      0.020      0.551      0.582
    CRPBI_PARE         0.020      0.018      1.091      0.275
    CRPBI_CARE        -0.009      0.017     -0.543      0.587
    FES_YOUTH_         0.017      0.021      0.816      0.414
    FES_YOUTH_         0.047      0.022      2.165      0.030
    FES_YOUTH_         0.031      0.024      1.266      0.206
    FES_YOUTH_        -0.056      0.024     -2.310      0.021
    FES_YOUTH_        -0.012      0.026     -0.481      0.631
    FES_YOUTH_        -0.019      0.021     -0.899      0.368
    FES_YOUTH_         0.094      0.035      2.669      0.008
    FES_YOUTH_         0.010      0.025      0.400      0.689
    FES_YOUTH_        -0.067      0.028     -2.415      0.016
    FAM_ENVIRO        -0.092      0.028     -3.297      0.001
    FAM_ENVIRO         0.067      0.024      2.839      0.005
    FAM_ENVIRO        -0.100      0.030     -3.284      0.001
    FAM_ENVIRO         0.021      0.016      1.368      0.171
    FAM_ENVIRO         0.013      0.020      0.642      0.521
    FAM_ENVIRO         0.028      0.017      1.660      0.097
    FAM_ENVIRO         0.016      0.028      0.582      0.560
    FAM_ENVIRO         0.115      0.033      3.528      0.000
    FAM_ENVIRO        -0.225      0.029     -7.735      0.000
    KSADS_PTSD         0.058      0.045      1.294      0.196
    KSADS_PTSD        -0.074      0.048     -1.531      0.126
    KSADS_PTSD         0.026      0.050      0.516      0.606
    KSADS_PTSD        -0.045      0.050     -0.887      0.375
    KSADS_PTSD         0.044      0.035      1.244      0.214
    KSADS_PTSD         0.026      0.030      0.892      0.373
    PARENT_MON         0.001      0.009      0.068      0.946
    PARENT_MON         0.033      0.014      2.266      0.023
    PARENT_MON         0.010      0.017      0.596      0.551
    PARENT_MON         0.083      0.024      3.422      0.001
    PARENT_MON         0.102      0.019      5.450      0.000
    NSC_P_SS_M         0.036      0.028      1.279      0.201
    NEIGHBORHO        -0.045      0.024     -1.852      0.064
    RESHIST_AD         8.169      0.883      9.249      0.000
    DEMO_PRIM_         0.026      0.032      0.830      0.406
    DEMO_PAREN         0.636      0.025     25.517      0.000
    KSADS_PTSD         0.061      0.052      1.181      0.238
    KSADS_PTSD        -0.017      0.041     -0.407      0.684
    KSADS_PTSD        -0.053      0.053     -1.001      0.317
    DEMO_FAM_E         0.388      0.065      6.004      0.000
    DEMO_FAM_E         0.264      0.075      3.541      0.000
    FAMHX_SS_M        -0.008      0.028     -0.279      0.781

 F3       BY
    FAMHX_SS_F        -0.090      0.039     -2.299      0.021
    FAMHX_SS_F        -0.030      0.027     -1.106      0.269
    ASR_SCR_AN        -0.131      0.040     -3.306      0.001
    ASR_SCR_SO        -0.024      0.036     -0.651      0.515
    ASR_SCR_DE        -0.110      0.041     -2.680      0.007
    ASR_SCR_AV         0.067      0.032      2.082      0.037
    ASR_SCR_AD         0.094      0.052      1.795      0.073
    ASR_SCR_AN         0.194      0.046      4.238      0.000
    DEMO_PRNT_        -0.022      0.017     -1.333      0.183
    DEMO_COMB_        -0.001      0.013     -0.046      0.964
    CRPBI_PARE         0.766      0.025     30.213      0.000
    CRPBI_CARE        -0.019      0.017     -1.137      0.255
    CRPBI_PARE         0.531      0.032     16.753      0.000
    CRPBI_CARE         0.063      0.026      2.457      0.014
    CRPBI_PARE         0.762      0.025     31.070      0.000
    CRPBI_CARE         0.065      0.021      3.149      0.002
    CRPBI_PARE         0.716      0.047     15.272      0.000
    CRPBI_CARE         0.072      0.036      2.020      0.043
    CRPBI_PARE         0.690      0.028     24.320      0.000
    CRPBI_CARE        -0.025      0.022     -1.114      0.265
    FES_YOUTH_         0.041      0.025      1.645      0.100
    FES_YOUTH_         0.004      0.019      0.214      0.830
    FES_YOUTH_        -0.042      0.027     -1.515      0.130
    FES_YOUTH_        -0.002      0.021     -0.087      0.931
    FES_YOUTH_         0.070      0.030      2.334      0.020
    FES_YOUTH_        -0.026      0.021     -1.202      0.229
    FES_YOUTH_         0.281      0.038      7.472      0.000
    FES_YOUTH_         0.035      0.027      1.271      0.204
    FES_YOUTH_         0.103      0.031      3.308      0.001
    FAM_ENVIRO        -0.038      0.026     -1.480      0.139
    FAM_ENVIRO        -0.001      0.019     -0.054      0.957
    FAM_ENVIRO         0.009      0.023      0.394      0.694
    FAM_ENVIRO        -0.007      0.019     -0.360      0.719
    FAM_ENVIRO         0.020      0.022      0.909      0.363
    FAM_ENVIRO         0.014      0.023      0.622      0.534
    FAM_ENVIRO         0.004      0.032      0.118      0.906
    FAM_ENVIRO        -0.007      0.023     -0.290      0.772
    FAM_ENVIRO         0.029      0.024      1.183      0.237
    KSADS_PTSD        -0.060      0.054     -1.108      0.268
    KSADS_PTSD         0.015      0.047      0.323      0.747
    KSADS_PTSD        -0.022      0.058     -0.370      0.711
    KSADS_PTSD         0.006      0.054      0.103      0.918
    KSADS_PTSD        -0.004      0.036     -0.103      0.918
    KSADS_PTSD        -0.026      0.031     -0.841      0.400
    PARENT_MON         0.030      0.012      2.527      0.012
    PARENT_MON        -0.039      0.018     -2.226      0.026
    PARENT_MON         0.029      0.018      1.558      0.119
    PARENT_MON        -0.236      0.027     -8.629      0.000
    PARENT_MON         0.136      0.021      6.586      0.000
    NSC_P_SS_M        -0.003      0.021     -0.126      0.900
    NEIGHBORHO         0.050      0.026      1.894      0.058
    RESHIST_AD         0.192      0.444      0.433      0.665
    DEMO_PRIM_         0.132      0.071      1.856      0.063
    DEMO_PAREN         0.030      0.022      1.351      0.177
    KSADS_PTSD        -0.014      0.053     -0.261      0.794
    KSADS_PTSD        -0.011      0.048     -0.222      0.824
    KSADS_PTSD         0.088      0.068      1.304      0.192
    DEMO_FAM_E        -0.001      0.022     -0.053      0.958
    DEMO_FAM_E         0.021      0.024      0.890      0.374
    FAMHX_SS_M         0.020      0.031      0.641      0.521

 F4       BY
    FAMHX_SS_F         0.038      0.025      1.515      0.130
    FAMHX_SS_F         0.037      0.025      1.504      0.133
    ASR_SCR_AN         0.003      0.031      0.106      0.915
    ASR_SCR_SO         0.030      0.034      0.896      0.370
    ASR_SCR_DE         0.066      0.034      1.968      0.049
    ASR_SCR_AV        -0.058      0.029     -2.018      0.044
    ASR_SCR_AD        -0.012      0.046     -0.257      0.797
    ASR_SCR_AN        -0.166      0.038     -4.403      0.000
    DEMO_PRNT_         0.019      0.015      1.272      0.203
    DEMO_COMB_         0.010      0.012      0.842      0.400
    CRPBI_PARE         0.070      0.029      2.451      0.014
    CRPBI_CARE         0.857      0.016     54.305      0.000
    CRPBI_PARE         0.055      0.023      2.458      0.014
    CRPBI_CARE         0.571      0.024     23.469      0.000
    CRPBI_PARE         0.114      0.028      4.089      0.000
    CRPBI_CARE         0.786      0.018     44.100      0.000
    CRPBI_PARE        -0.025      0.019     -1.374      0.170
    CRPBI_CARE         0.663      0.035     19.001      0.000
    CRPBI_PARE        -0.021      0.019     -1.104      0.270
    CRPBI_CARE         0.723      0.029     25.142      0.000
    FES_YOUTH_         0.013      0.020      0.652      0.514
    FES_YOUTH_        -0.015      0.018     -0.835      0.404
    FES_YOUTH_         0.003      0.022      0.128      0.898
    FES_YOUTH_         0.011      0.019      0.619      0.536
    FES_YOUTH_         0.006      0.023      0.269      0.788
    FES_YOUTH_         0.007      0.019      0.373      0.709
    FES_YOUTH_         0.046      0.030      1.529      0.126
    FES_YOUTH_        -0.027      0.023     -1.149      0.250
    FES_YOUTH_         0.033      0.025      1.301      0.193
    FAM_ENVIRO         0.029      0.021      1.354      0.176
    FAM_ENVIRO         0.007      0.016      0.442      0.659
    FAM_ENVIRO         0.017      0.021      0.829      0.407
    FAM_ENVIRO        -0.006      0.016     -0.382      0.702
    FAM_ENVIRO        -0.029      0.020     -1.460      0.144
    FAM_ENVIRO        -0.006      0.019     -0.320      0.749
    FAM_ENVIRO        -0.003      0.028     -0.099      0.921
    FAM_ENVIRO        -0.001      0.019     -0.034      0.973
    FAM_ENVIRO        -0.018      0.021     -0.854      0.393
    KSADS_PTSD         0.082      0.045      1.800      0.072
    KSADS_PTSD        -0.002      0.037     -0.053      0.957
    KSADS_PTSD         0.022      0.047      0.468      0.640
    KSADS_PTSD         0.098      0.054      1.825      0.068
    KSADS_PTSD         0.015      0.032      0.471      0.638
    KSADS_PTSD         0.020      0.026      0.762      0.446
    PARENT_MON        -0.005      0.008     -0.674      0.500
    PARENT_MON         0.014      0.012      1.156      0.248
    PARENT_MON         0.066      0.018      3.707      0.000
    PARENT_MON        -0.143      0.024     -6.006      0.000
    PARENT_MON         0.031      0.017      1.806      0.071
    NSC_P_SS_M        -0.023      0.016     -1.468      0.142
    NEIGHBORHO         0.006      0.016      0.367      0.714
    RESHIST_AD        -0.552      0.364     -1.515      0.130
    DEMO_PRIM_        -0.090      0.054     -1.654      0.098
    DEMO_PAREN        -0.052      0.022     -2.331      0.020
    KSADS_PTSD        -0.098      0.076     -1.296      0.195
    KSADS_PTSD        -0.025      0.040     -0.625      0.532
    KSADS_PTSD         0.006      0.043      0.142      0.887
    DEMO_FAM_E         0.010      0.018      0.549      0.583
    DEMO_FAM_E         0.060      0.027      2.232      0.026
    FAMHX_SS_M         0.003      0.025      0.140      0.889

 F5       BY
    FAMHX_SS_F        -0.012      0.024     -0.501      0.617
    FAMHX_SS_F         0.024      0.024      0.993      0.321
    ASR_SCR_AN        -0.007      0.032     -0.223      0.824
    ASR_SCR_SO        -0.042      0.033     -1.281      0.200
    ASR_SCR_DE        -0.013      0.034     -0.392      0.695
    ASR_SCR_AV        -0.004      0.027     -0.154      0.877
    ASR_SCR_AD         0.051      0.045      1.146      0.252
    ASR_SCR_AN        -0.026      0.032     -0.827      0.408
    DEMO_PRNT_        -0.005      0.014     -0.322      0.748
    DEMO_COMB_        -0.004      0.011     -0.347      0.729
    CRPBI_PARE        -0.016      0.021     -0.743      0.457
    CRPBI_CARE        -0.024      0.020     -1.166      0.244
    CRPBI_PARE         0.034      0.022      1.504      0.133
    CRPBI_CARE         0.004      0.019      0.208      0.835
    CRPBI_PARE        -0.022      0.019     -1.152      0.249
    CRPBI_CARE        -0.009      0.017     -0.548      0.584
    CRPBI_PARE         0.010      0.020      0.495      0.621
    CRPBI_CARE         0.015      0.020      0.741      0.459
    CRPBI_PARE         0.079      0.028      2.820      0.005
    CRPBI_CARE         0.037      0.027      1.358      0.175
    FES_YOUTH_         0.695      0.058     11.961      0.000
    FES_YOUTH_         0.435      0.131      3.318      0.001
    FES_YOUTH_         0.657      0.031     21.091      0.000
    FES_YOUTH_         0.543      0.104      5.238      0.000
    FES_YOUTH_         0.590      0.027     21.507      0.000
    FES_YOUTH_         0.744      0.026     28.374      0.000
    FES_YOUTH_         0.315      0.066      4.788      0.000
    FES_YOUTH_         0.573      0.025     22.974      0.000
    FES_YOUTH_         0.266      0.063      4.244      0.000
    FAM_ENVIRO         0.038      0.028      1.343      0.179
    FAM_ENVIRO        -0.022      0.018     -1.210      0.226
    FAM_ENVIRO        -0.011      0.020     -0.560      0.575
    FAM_ENVIRO         0.012      0.017      0.729      0.466
    FAM_ENVIRO        -0.042      0.024     -1.739      0.082
    FAM_ENVIRO         0.068      0.033      2.072      0.038
    FAM_ENVIRO        -0.026      0.031     -0.824      0.410
    FAM_ENVIRO         0.009      0.019      0.491      0.624
    FAM_ENVIRO         0.063      0.026      2.417      0.016
    KSADS_PTSD         0.023      0.041      0.565      0.572
    KSADS_PTSD         0.012      0.037      0.339      0.734
    KSADS_PTSD         0.025      0.051      0.497      0.619
    KSADS_PTSD        -0.031      0.047     -0.652      0.514
    KSADS_PTSD         0.050      0.034      1.452      0.147
    KSADS_PTSD         0.032      0.028      1.127      0.260
    PARENT_MON         0.021      0.010      2.135      0.033
    PARENT_MON        -0.002      0.011     -0.207      0.836
    PARENT_MON         0.014      0.015      0.900      0.368
    PARENT_MON        -0.014      0.022     -0.650      0.516
    PARENT_MON         0.035      0.019      1.816      0.069
    NSC_P_SS_M        -0.083      0.025     -3.277      0.001
    NEIGHBORHO         0.000      0.023      0.005      0.996
    RESHIST_AD         1.835      0.641      2.861      0.004
    DEMO_PRIM_        -0.042      0.037     -1.112      0.266
    DEMO_PAREN        -0.040      0.021     -1.887      0.059
    KSADS_PTSD        -0.035      0.038     -0.915      0.360
    KSADS_PTSD         0.052      0.056      0.925      0.355
    KSADS_PTSD        -0.063      0.058     -1.084      0.278
    DEMO_FAM_E         0.124      0.045      2.738      0.006
    DEMO_FAM_E         0.072      0.041      1.744      0.081
    FAMHX_SS_M         0.001      0.027      0.055      0.956

 F6       BY
    FAMHX_SS_F         0.734      0.029     25.471      0.000
    FAMHX_SS_F         0.827      0.027     30.520      0.000
    ASR_SCR_AN        -0.101      0.033     -3.100      0.002
    ASR_SCR_SO         0.025      0.032      0.775      0.438
    ASR_SCR_DE        -0.071      0.033     -2.120      0.034
    ASR_SCR_AV        -0.034      0.027     -1.247      0.213
    ASR_SCR_AD         0.182      0.046      3.940      0.000
    ASR_SCR_AN         0.118      0.037      3.221      0.001
    DEMO_PRNT_         0.070      0.022      3.222      0.001
    DEMO_COMB_        -0.017      0.016     -1.092      0.275
    CRPBI_PARE         0.038      0.020      1.862      0.063
    CRPBI_CARE         0.019      0.017      1.124      0.261
    CRPBI_PARE        -0.059      0.026     -2.304      0.021
    CRPBI_CARE        -0.031      0.021     -1.462      0.144
    CRPBI_PARE        -0.019      0.019     -0.967      0.334
    CRPBI_CARE        -0.050      0.020     -2.563      0.010
    CRPBI_PARE         0.053      0.027      1.937      0.053
    CRPBI_CARE         0.045      0.022      2.013      0.044
    CRPBI_PARE        -0.024      0.017     -1.353      0.176
    CRPBI_CARE         0.012      0.014      0.879      0.380
    FES_YOUTH_         0.043      0.023      1.866      0.062
    FES_YOUTH_         0.069      0.028      2.480      0.013
    FES_YOUTH_        -0.009      0.021     -0.440      0.660
    FES_YOUTH_        -0.010      0.018     -0.561      0.575
    FES_YOUTH_         0.023      0.026      0.899      0.368
    FES_YOUTH_        -0.082      0.030     -2.777      0.005
    FES_YOUTH_        -0.057      0.034     -1.675      0.094
    FES_YOUTH_         0.012      0.024      0.518      0.604
    FES_YOUTH_        -0.030      0.027     -1.113      0.266
    FAM_ENVIRO         0.043      0.022      1.911      0.056
    FAM_ENVIRO        -0.052      0.022     -2.341      0.019
    FAM_ENVIRO         0.110      0.033      3.355      0.001
    FAM_ENVIRO        -0.031      0.018     -1.770      0.077
    FAM_ENVIRO        -0.083      0.033     -2.513      0.012
    FAM_ENVIRO         0.038      0.019      1.953      0.051
    FAM_ENVIRO         0.042      0.033      1.303      0.193
    FAM_ENVIRO        -0.094      0.038     -2.472      0.013
    FAM_ENVIRO         0.029      0.024      1.208      0.227
    KSADS_PTSD         0.076      0.050      1.512      0.131
    KSADS_PTSD         0.081      0.049      1.655      0.098
    KSADS_PTSD        -0.057      0.053     -1.067      0.286
    KSADS_PTSD        -0.030      0.043     -0.704      0.481
    KSADS_PTSD         0.416      0.037     11.149      0.000
    KSADS_PTSD         0.091      0.031      2.876      0.004
    PARENT_MON         0.019      0.009      2.054      0.040
    PARENT_MON        -0.009      0.012     -0.757      0.449
    PARENT_MON        -0.017      0.018     -0.915      0.360
    PARENT_MON        -0.008      0.022     -0.350      0.727
    PARENT_MON         0.068      0.020      3.428      0.001
    NSC_P_SS_M        -0.007      0.015     -0.453      0.650
    NEIGHBORHO         0.053      0.021      2.561      0.010
    RESHIST_AD         1.135      0.456      2.486      0.013
    DEMO_PRIM_         0.603      0.060     10.104      0.000
    DEMO_PAREN         0.204      0.036      5.609      0.000
    KSADS_PTSD        -0.070      0.061     -1.154      0.248
    KSADS_PTSD         0.195      0.072      2.710      0.007
    KSADS_PTSD         0.079      0.062      1.262      0.207
    DEMO_FAM_E         0.046      0.022      2.041      0.041
    DEMO_FAM_E         0.000      0.019      0.012      0.991
    FAMHX_SS_M         0.718      0.032     22.151      0.000

 F7       BY
    FAMHX_SS_F        -0.010      0.022     -0.486      0.627
    FAMHX_SS_F         0.002      0.022      0.070      0.944
    ASR_SCR_AN        -0.014      0.030     -0.472      0.637
    ASR_SCR_SO        -0.079      0.033     -2.388      0.017
    ASR_SCR_DE        -0.036      0.031     -1.154      0.249
    ASR_SCR_AV        -0.073      0.028     -2.623      0.009
    ASR_SCR_AD         0.167      0.051      3.256      0.001
    ASR_SCR_AN         0.304      0.047      6.415      0.000
    DEMO_PRNT_        -0.006      0.014     -0.456      0.648
    DEMO_COMB_         0.044      0.014      3.166      0.002
    CRPBI_PARE        -0.034      0.020     -1.748      0.080
    CRPBI_CARE        -0.039      0.016     -2.474      0.013
    CRPBI_PARE        -0.006      0.021     -0.286      0.775
    CRPBI_CARE         0.004      0.018      0.231      0.817
    CRPBI_PARE         0.001      0.019      0.065      0.948
    CRPBI_CARE        -0.033      0.016     -2.018      0.044
    CRPBI_PARE         0.019      0.020      0.939      0.348
    CRPBI_CARE         0.057      0.023      2.489      0.013
    CRPBI_PARE         0.025      0.017      1.455      0.146
    CRPBI_CARE         0.028      0.016      1.718      0.086
    FES_YOUTH_         0.035      0.021      1.709      0.087
    FES_YOUTH_         0.015      0.017      0.922      0.357
    FES_YOUTH_        -0.010      0.021     -0.469      0.639
    FES_YOUTH_         0.052      0.021      2.476      0.013
    FES_YOUTH_         0.014      0.022      0.652      0.514
    FES_YOUTH_        -0.056      0.023     -2.450      0.014
    FES_YOUTH_        -0.001      0.028     -0.048      0.962
    FES_YOUTH_        -0.004      0.022     -0.183      0.855
    FES_YOUTH_        -0.015      0.024     -0.658      0.511
    FAM_ENVIRO         0.468      0.036     13.136      0.000
    FAM_ENVIRO         0.834      0.022     38.400      0.000
    FAM_ENVIRO         0.231      0.034      6.769      0.000
    FAM_ENVIRO         0.816      0.026     30.914      0.000
    FAM_ENVIRO         0.160      0.045      3.570      0.000
    FAM_ENVIRO         0.029      0.016      1.749      0.080
    FAM_ENVIRO         0.415      0.034     12.160      0.000
    FAM_ENVIRO        -0.083      0.041     -2.010      0.044
    FAM_ENVIRO         0.361      0.027     13.438      0.000
    KSADS_PTSD        -0.037      0.041     -0.891      0.373
    KSADS_PTSD        -0.003      0.037     -0.088      0.930
    KSADS_PTSD        -0.031      0.046     -0.678      0.498
    KSADS_PTSD         0.020      0.045      0.443      0.657
    KSADS_PTSD         0.021      0.029      0.721      0.471
    KSADS_PTSD        -0.019      0.025     -0.752      0.452
    PARENT_MON         0.006      0.008      0.754      0.451
    PARENT_MON        -0.008      0.012     -0.669      0.503
    PARENT_MON         0.006      0.015      0.367      0.713
    PARENT_MON         0.041      0.021      1.969      0.049
    PARENT_MON        -0.008      0.017     -0.490      0.624
    NSC_P_SS_M        -0.016      0.016     -1.024      0.306
    NEIGHBORHO        -0.013      0.017     -0.768      0.442
    RESHIST_AD        -0.920      0.389     -2.366      0.018
    DEMO_PRIM_        -0.032      0.028     -1.118      0.263
    DEMO_PAREN        -0.035      0.019     -1.865      0.062
    KSADS_PTSD        -0.001      0.037     -0.037      0.971
    KSADS_PTSD         0.003      0.043      0.061      0.951
    KSADS_PTSD         0.033      0.046      0.710      0.477
    DEMO_FAM_E         0.027      0.019      1.435      0.151
    DEMO_FAM_E         0.077      0.028      2.793      0.005
    FAMHX_SS_M         0.056      0.032      1.778      0.075

 F8       BY
    FAMHX_SS_F        -0.039      0.023     -1.719      0.086
    FAMHX_SS_F        -0.026      0.020     -1.315      0.189
    ASR_SCR_AN         0.033      0.036      0.914      0.361
    ASR_SCR_SO         0.130      0.038      3.464      0.001
    ASR_SCR_DE         0.070      0.038      1.858      0.063
    ASR_SCR_AV         0.015      0.030      0.498      0.619
    ASR_SCR_AD        -0.117      0.056     -2.089      0.037
    ASR_SCR_AN        -0.089      0.036     -2.489      0.013
    DEMO_PRNT_        -0.035      0.021     -1.703      0.089
    DEMO_COMB_        -0.039      0.016     -2.479      0.013
    CRPBI_PARE        -0.143      0.044     -3.209      0.001
    CRPBI_CARE        -0.065      0.023     -2.842      0.004
    CRPBI_PARE         0.046      0.033      1.395      0.163
    CRPBI_CARE         0.095      0.027      3.497      0.000
    CRPBI_PARE        -0.105      0.041     -2.531      0.011
    CRPBI_CARE        -0.019      0.018     -1.037      0.300
    CRPBI_PARE         0.012      0.023      0.521      0.602
    CRPBI_CARE         0.093      0.042      2.231      0.026
    CRPBI_PARE         0.025      0.021      1.146      0.252
    CRPBI_CARE        -0.015      0.015     -1.003      0.316
    FES_YOUTH_         0.002      0.024      0.079      0.937
    FES_YOUTH_        -0.037      0.022     -1.639      0.101
    FES_YOUTH_        -0.004      0.024     -0.147      0.883
    FES_YOUTH_         0.009      0.020      0.448      0.654
    FES_YOUTH_         0.023      0.028      0.826      0.409
    FES_YOUTH_        -0.036      0.025     -1.426      0.154
    FES_YOUTH_         0.066      0.041      1.627      0.104
    FES_YOUTH_        -0.006      0.028     -0.196      0.845
    FES_YOUTH_         0.038      0.032      1.192      0.233
    FAM_ENVIRO         0.047      0.028      1.680      0.093
    FAM_ENVIRO         0.056      0.024      2.318      0.020
    FAM_ENVIRO        -0.020      0.022     -0.917      0.359
    FAM_ENVIRO        -0.013      0.017     -0.768      0.442
    FAM_ENVIRO         0.062      0.029      2.159      0.031
    FAM_ENVIRO        -0.023      0.023     -0.972      0.331
    FAM_ENVIRO        -0.099      0.039     -2.533      0.011
    FAM_ENVIRO         0.041      0.029      1.423      0.155
    FAM_ENVIRO        -0.103      0.032     -3.247      0.001
    KSADS_PTSD         0.473      0.045     10.444      0.000
    KSADS_PTSD         0.455      0.046      9.854      0.000
    KSADS_PTSD         0.541      0.042     12.942      0.000
    KSADS_PTSD         0.623      0.041     15.279      0.000
    KSADS_PTSD         0.389      0.038     10.192      0.000
    KSADS_PTSD         0.290      0.033      8.861      0.000
    PARENT_MON        -0.001      0.010     -0.134      0.893
    PARENT_MON        -0.020      0.014     -1.449      0.147
    PARENT_MON        -0.008      0.018     -0.431      0.666
    PARENT_MON         0.048      0.026      1.841      0.066
    PARENT_MON        -0.019      0.020     -0.960      0.337
    NSC_P_SS_M        -0.035      0.018     -1.960      0.050
    NEIGHBORHO         0.001      0.018      0.059      0.953
    RESHIST_AD         0.574      0.409      1.402      0.161
    DEMO_PRIM_         0.119      0.063      1.881      0.060
    DEMO_PAREN         0.010      0.021      0.472      0.637
    KSADS_PTSD         0.829      0.036     22.803      0.000
    KSADS_PTSD         0.761      0.033     22.926      0.000
    KSADS_PTSD         0.687      0.039     17.751      0.000
    DEMO_FAM_E         0.056      0.025      2.194      0.028
    DEMO_FAM_E         0.055      0.029      1.881      0.060
    FAMHX_SS_M         0.059      0.038      1.558      0.119

 F9       BY
    FAMHX_SS_F         0.072      0.034      2.090      0.037
    FAMHX_SS_F         0.004      0.023      0.163      0.870
    ASR_SCR_AN         0.038      0.035      1.081      0.280
    ASR_SCR_SO         0.012      0.036      0.322      0.747
    ASR_SCR_DE        -0.173      0.044     -3.966      0.000
    ASR_SCR_AV         0.033      0.031      1.058      0.290
    ASR_SCR_AD         0.158      0.057      2.765      0.006
    ASR_SCR_AN         0.376      0.047      8.061      0.000
    DEMO_PRNT_         0.019      0.016      1.227      0.220
    DEMO_COMB_        -0.030      0.014     -2.105      0.035
    CRPBI_PARE         0.034      0.023      1.461      0.144
    CRPBI_CARE         0.033      0.020      1.645      0.100
    CRPBI_PARE         0.010      0.024      0.418      0.676
    CRPBI_CARE        -0.004      0.022     -0.191      0.848
    CRPBI_PARE         0.026      0.023      1.123      0.262
    CRPBI_CARE         0.015      0.019      0.780      0.436
    CRPBI_PARE        -0.044      0.030     -1.459      0.145
    CRPBI_CARE        -0.033      0.023     -1.429      0.153
    CRPBI_PARE        -0.018      0.019     -0.965      0.335
    CRPBI_CARE        -0.021      0.018     -1.156      0.248
    FES_YOUTH_        -0.007      0.024     -0.290      0.772
    FES_YOUTH_         0.002      0.021      0.106      0.916
    FES_YOUTH_        -0.019      0.024     -0.808      0.419
    FES_YOUTH_        -0.007      0.023     -0.299      0.765
    FES_YOUTH_         0.003      0.027      0.127      0.899
    FES_YOUTH_         0.049      0.026      1.897      0.058
    FES_YOUTH_         0.026      0.035      0.728      0.467
    FES_YOUTH_         0.043      0.029      1.470      0.141
    FES_YOUTH_        -0.008      0.029     -0.284      0.776
    FAM_ENVIRO         0.414      0.035     11.689      0.000
    FAM_ENVIRO        -0.033      0.021     -1.541      0.123
    FAM_ENVIRO         0.488      0.051      9.634      0.000
    FAM_ENVIRO         0.076      0.034      2.232      0.026
    FAM_ENVIRO         0.658      0.035     18.837      0.000
    FAM_ENVIRO         0.713      0.047     15.016      0.000
    FAM_ENVIRO         0.028      0.033      0.855      0.392
    FAM_ENVIRO         0.741      0.032     23.187      0.000
    FAM_ENVIRO         0.021      0.023      0.899      0.369
    KSADS_PTSD         0.045      0.054      0.847      0.397
    KSADS_PTSD         0.032      0.046      0.706      0.480
    KSADS_PTSD         0.022      0.052      0.418      0.676
    KSADS_PTSD        -0.017      0.049     -0.336      0.737
    KSADS_PTSD         0.114      0.044      2.604      0.009
    KSADS_PTSD        -0.014      0.031     -0.454      0.650
    PARENT_MON         0.007      0.010      0.702      0.483
    PARENT_MON         0.023      0.014      1.562      0.118
    PARENT_MON        -0.025      0.019     -1.297      0.195
    PARENT_MON        -0.029      0.025     -1.152      0.249
    PARENT_MON         0.002      0.021      0.073      0.942
    NSC_P_SS_M         0.067      0.026      2.624      0.009
    NEIGHBORHO        -0.012      0.022     -0.558      0.577
    RESHIST_AD        -1.119      0.463     -2.414      0.016
    DEMO_PRIM_        -0.145      0.080     -1.807      0.071
    DEMO_PAREN         0.116      0.032      3.604      0.000
    KSADS_PTSD        -0.027      0.047     -0.577      0.564
    KSADS_PTSD         0.015      0.048      0.308      0.758
    KSADS_PTSD         0.035      0.053      0.646      0.518
    DEMO_FAM_E         0.099      0.032      3.069      0.002
    DEMO_FAM_E        -0.014      0.023     -0.610      0.542
    FAMHX_SS_M        -0.020      0.031     -0.672      0.502

 F10      BY
    FAMHX_SS_F         0.061      0.036      1.687      0.092
    FAMHX_SS_F         0.052      0.032      1.606      0.108
    ASR_SCR_AN         0.027      0.038      0.706      0.480
    ASR_SCR_SO        -0.006      0.039     -0.155      0.876
    ASR_SCR_DE         0.016      0.039      0.409      0.683
    ASR_SCR_AV         0.025      0.032      0.768      0.442
    ASR_SCR_AD         0.012      0.054      0.228      0.820
    ASR_SCR_AN        -0.016      0.046     -0.352      0.725
    DEMO_PRNT_         0.020      0.016      1.216      0.224
    DEMO_COMB_        -0.009      0.014     -0.627      0.531
    CRPBI_PARE        -0.040      0.027     -1.460      0.144
    CRPBI_CARE        -0.034      0.026     -1.338      0.181
    CRPBI_PARE         0.242      0.032      7.651      0.000
    CRPBI_CARE         0.250      0.034      7.339      0.000
    CRPBI_PARE         0.024      0.023      1.014      0.310
    CRPBI_CARE         0.081      0.034      2.347      0.019
    CRPBI_PARE         0.509      0.043     11.742      0.000
    CRPBI_CARE         0.460      0.045     10.222      0.000
    CRPBI_PARE        -0.018      0.026     -0.703      0.482
    CRPBI_CARE        -0.061      0.036     -1.705      0.088
    FES_YOUTH_        -0.016      0.024     -0.673      0.501
    FES_YOUTH_        -0.022      0.026     -0.843      0.399
    FES_YOUTH_         0.014      0.025      0.550      0.582
    FES_YOUTH_        -0.010      0.026     -0.396      0.692
    FES_YOUTH_         0.004      0.028      0.138      0.890
    FES_YOUTH_         0.075      0.035      2.131      0.033
    FES_YOUTH_         0.013      0.033      0.405      0.685
    FES_YOUTH_        -0.007      0.029     -0.250      0.803
    FES_YOUTH_        -0.001      0.030     -0.034      0.973
    FAM_ENVIRO        -0.087      0.032     -2.709      0.007
    FAM_ENVIRO         0.008      0.019      0.433      0.665
    FAM_ENVIRO        -0.006      0.023     -0.270      0.787
    FAM_ENVIRO         0.030      0.021      1.430      0.153
    FAM_ENVIRO        -0.030      0.025     -1.217      0.223
    FAM_ENVIRO         0.022      0.025      0.873      0.383
    FAM_ENVIRO         0.008      0.034      0.234      0.815
    FAM_ENVIRO         0.022      0.024      0.884      0.376
    FAM_ENVIRO         0.058      0.034      1.704      0.088
    KSADS_PTSD         0.094      0.055      1.705      0.088
    KSADS_PTSD        -0.001      0.044     -0.022      0.983
    KSADS_PTSD        -0.008      0.055     -0.138      0.890
    KSADS_PTSD         0.000      0.046      0.009      0.992
    KSADS_PTSD        -0.020      0.035     -0.582      0.560
    KSADS_PTSD         0.009      0.032      0.288      0.773
    PARENT_MON         0.020      0.010      1.959      0.050
    PARENT_MON         0.012      0.012      0.976      0.329
    PARENT_MON        -0.037      0.020     -1.920      0.055
    PARENT_MON         0.018      0.026      0.676      0.499
    PARENT_MON         0.045      0.020      2.237      0.025
    NSC_P_SS_M         0.022      0.023      0.947      0.344
    NEIGHBORHO         0.084      0.030      2.792      0.005
    RESHIST_AD        -1.399      0.761     -1.840      0.066
    DEMO_PRIM_        -0.345      0.079     -4.380      0.000
    DEMO_PAREN         0.103      0.037      2.767      0.006
    KSADS_PTSD         0.089      0.089      1.000      0.317
    KSADS_PTSD        -0.040      0.054     -0.736      0.461
    KSADS_PTSD        -0.122      0.074     -1.645      0.100
    DEMO_FAM_E        -0.143      0.066     -2.170      0.030
    DEMO_FAM_E        -0.238      0.077     -3.075      0.002
    FAMHX_SS_M        -0.236      0.056     -4.247      0.000

 F11      BY
    FAMHX_SS_F        -0.006      0.027     -0.220      0.826
    FAMHX_SS_F        -0.026      0.032     -0.806      0.420
    ASR_SCR_AN         0.051      0.036      1.400      0.161
    ASR_SCR_SO         0.018      0.041      0.437      0.662
    ASR_SCR_DE         0.041      0.043      0.965      0.334
    ASR_SCR_AV         0.012      0.031      0.394      0.693
    ASR_SCR_AD        -0.028      0.061     -0.458      0.647
    ASR_SCR_AN        -0.033      0.063     -0.532      0.595
    DEMO_PRNT_         0.040      0.026      1.515      0.130
    DEMO_COMB_         0.026      0.025      1.025      0.306
    CRPBI_PARE         0.027      0.038      0.714      0.475
    CRPBI_CARE         0.038      0.033      1.143      0.253
    CRPBI_PARE         0.026      0.026      0.991      0.322
    CRPBI_CARE         0.034      0.022      1.590      0.112
    CRPBI_PARE        -0.002      0.022     -0.075      0.940
    CRPBI_CARE         0.022      0.021      1.046      0.296
    CRPBI_PARE        -0.014      0.026     -0.537      0.591
    CRPBI_CARE        -0.025      0.023     -1.073      0.283
    CRPBI_PARE        -0.020      0.024     -0.808      0.419
    CRPBI_CARE        -0.056      0.038     -1.501      0.133
    FES_YOUTH_         0.221      0.059      3.745      0.000
    FES_YOUTH_         0.541      0.065      8.284      0.000
    FES_YOUTH_        -0.015      0.028     -0.526      0.599
    FES_YOUTH_         0.444      0.049      9.084      0.000
    FES_YOUTH_         0.028      0.056      0.505      0.614
    FES_YOUTH_        -0.035      0.039     -0.914      0.361
    FES_YOUTH_         0.216      0.063      3.426      0.001
    FES_YOUTH_        -0.041      0.048     -0.854      0.393
    FES_YOUTH_         0.220      0.054      4.083      0.000
    FAM_ENVIRO         0.053      0.039      1.354      0.176
    FAM_ENVIRO         0.045      0.020      2.265      0.024
    FAM_ENVIRO        -0.008      0.027     -0.300      0.765
    FAM_ENVIRO         0.007      0.015      0.473      0.636
    FAM_ENVIRO         0.028      0.030      0.935      0.350
    FAM_ENVIRO        -0.019      0.031     -0.622      0.534
    FAM_ENVIRO        -0.114      0.047     -2.407      0.016
    FAM_ENVIRO        -0.019      0.027     -0.730      0.465
    FAM_ENVIRO        -0.086      0.047     -1.845      0.065
    KSADS_PTSD         0.050      0.049      1.022      0.307
    KSADS_PTSD         0.009      0.041      0.223      0.823
    KSADS_PTSD        -0.043      0.061     -0.707      0.480
    KSADS_PTSD        -0.035      0.063     -0.559      0.576
    KSADS_PTSD        -0.013      0.040     -0.336      0.737
    KSADS_PTSD        -0.053      0.035     -1.509      0.131
    PARENT_MON        -0.013      0.010     -1.234      0.217
    PARENT_MON        -0.013      0.012     -1.027      0.304
    PARENT_MON        -0.003      0.020     -0.163      0.870
    PARENT_MON         0.009      0.030      0.304      0.761
    PARENT_MON         0.030      0.021      1.424      0.154
    NSC_P_SS_M         0.073      0.064      1.150      0.250
    NEIGHBORHO         0.111      0.062      1.797      0.072
    RESHIST_AD        -2.008      1.259     -1.595      0.111
    DEMO_PRIM_         0.037      0.041      0.896      0.370
    DEMO_PAREN        -0.001      0.021     -0.066      0.948
    KSADS_PTSD         0.012      0.031      0.399      0.690
    KSADS_PTSD         0.055      0.059      0.931      0.352
    KSADS_PTSD        -0.061      0.065     -0.941      0.347
    DEMO_FAM_E        -0.161      0.107     -1.506      0.132
    DEMO_FAM_E        -0.150      0.115     -1.304      0.192
    FAMHX_SS_M         0.004      0.033      0.105      0.916

 F12      BY
    FAMHX_SS_F         0.006      0.024      0.253      0.800
    FAMHX_SS_F        -0.014      0.028     -0.503      0.615
    ASR_SCR_AN         0.081      0.035      2.313      0.021
    ASR_SCR_SO         0.155      0.045      3.461      0.001
    ASR_SCR_DE         0.009      0.035      0.248      0.804
    ASR_SCR_AV        -0.023      0.028     -0.816      0.414
    ASR_SCR_AD        -0.122      0.049     -2.479      0.013
    ASR_SCR_AN        -0.025      0.033     -0.745      0.456
    DEMO_PRNT_         0.035      0.018      1.976      0.048
    DEMO_COMB_        -0.013      0.016     -0.808      0.419
    CRPBI_PARE        -0.017      0.019     -0.884      0.377
    CRPBI_CARE         0.017      0.016      1.042      0.297
    CRPBI_PARE         0.090      0.031      2.940      0.003
    CRPBI_CARE         0.032      0.022      1.447      0.148
    CRPBI_PARE         0.012      0.019      0.639      0.523
    CRPBI_CARE        -0.018      0.016     -1.131      0.258
    CRPBI_PARE        -0.039      0.033     -1.196      0.232
    CRPBI_CARE        -0.078      0.032     -2.424      0.015
    CRPBI_PARE         0.380      0.041      9.244      0.000
    CRPBI_CARE         0.491      0.058      8.521      0.000
    FES_YOUTH_         0.022      0.023      0.979      0.327
    FES_YOUTH_        -0.037      0.032     -1.155      0.248
    FES_YOUTH_         0.036      0.025      1.418      0.156
    FES_YOUTH_         0.011      0.025      0.439      0.660
    FES_YOUTH_         0.066      0.029      2.286      0.022
    FES_YOUTH_        -0.027      0.026     -1.068      0.286
    FES_YOUTH_        -0.060      0.032     -1.875      0.061
    FES_YOUTH_         0.050      0.034      1.487      0.137
    FES_YOUTH_        -0.028      0.029     -0.952      0.341
    FAM_ENVIRO        -0.035      0.025     -1.434      0.152
    FAM_ENVIRO         0.006      0.017      0.334      0.738
    FAM_ENVIRO         0.007      0.025      0.300      0.764
    FAM_ENVIRO         0.026      0.018      1.398      0.162
    FAM_ENVIRO         0.052      0.024      2.147      0.032
    FAM_ENVIRO        -0.017      0.020     -0.840      0.401
    FAM_ENVIRO         0.032      0.032      0.988      0.323
    FAM_ENVIRO        -0.020      0.022     -0.915      0.360
    FAM_ENVIRO        -0.039      0.025     -1.533      0.125
    KSADS_PTSD         0.069      0.045      1.530      0.126
    KSADS_PTSD         0.066      0.053      1.260      0.207
    KSADS_PTSD         0.068      0.056      1.227      0.220
    KSADS_PTSD         0.042      0.051      0.825      0.409
    KSADS_PTSD        -0.006      0.032     -0.192      0.847
    KSADS_PTSD         0.085      0.032      2.681      0.007
    PARENT_MON         0.015      0.009      1.665      0.096
    PARENT_MON         0.013      0.012      1.112      0.266
    PARENT_MON        -0.023      0.016     -1.478      0.139
    PARENT_MON         0.031      0.023      1.332      0.183
    PARENT_MON         0.054      0.018      2.958      0.003
    NSC_P_SS_M         0.201      0.088      2.288      0.022
    NEIGHBORHO         0.267      0.089      2.998      0.003
    RESHIST_AD        -0.685      0.574     -1.193      0.233
    DEMO_PRIM_        -0.003      0.029     -0.097      0.923
    DEMO_PAREN         0.063      0.033      1.929      0.054
    KSADS_PTSD        -0.067      0.073     -0.918      0.359
    KSADS_PTSD        -0.127      0.064     -1.974      0.048
    KSADS_PTSD        -0.028      0.042     -0.660      0.510
    DEMO_FAM_E        -0.039      0.032     -1.219      0.223
    DEMO_FAM_E        -0.106      0.047     -2.249      0.025
    FAMHX_SS_M         0.017      0.032      0.537      0.591

 F13      BY
    FAMHX_SS_F        -0.136      0.046     -2.976      0.003
    FAMHX_SS_F        -0.043      0.030     -1.445      0.149
    ASR_SCR_AN        -0.007      0.032     -0.209      0.834
    ASR_SCR_SO         0.146      0.040      3.658      0.000
    ASR_SCR_DE         0.113      0.037      3.018      0.003
    ASR_SCR_AV         0.015      0.028      0.533      0.594
    ASR_SCR_AD        -0.086      0.052     -1.646      0.100
    ASR_SCR_AN        -0.192      0.044     -4.318      0.000
    DEMO_PRNT_         0.030      0.020      1.498      0.134
    DEMO_COMB_         0.058      0.024      2.456      0.014
    CRPBI_PARE        -0.026      0.025     -1.036      0.300
    CRPBI_CARE        -0.034      0.023     -1.468      0.142
    CRPBI_PARE        -0.028      0.024     -1.152      0.249
    CRPBI_CARE        -0.005      0.021     -0.250      0.802
    CRPBI_PARE         0.080      0.028      2.832      0.005
    CRPBI_CARE         0.037      0.022      1.657      0.098
    CRPBI_PARE         0.046      0.029      1.567      0.117
    CRPBI_CARE         0.017      0.023      0.744      0.457
    CRPBI_PARE        -0.029      0.021     -1.374      0.169
    CRPBI_CARE         0.000      0.018     -0.015      0.988
    FES_YOUTH_         0.029      0.021      1.435      0.151
    FES_YOUTH_        -0.080      0.053     -1.524      0.128
    FES_YOUTH_         0.334      0.049      6.775      0.000
    FES_YOUTH_         0.065      0.037      1.752      0.080
    FES_YOUTH_        -0.061      0.037     -1.678      0.093
    FES_YOUTH_         0.224      0.057      3.905      0.000
    FES_YOUTH_        -0.046      0.036     -1.288      0.198
    FES_YOUTH_        -0.005      0.034     -0.155      0.877
    FES_YOUTH_        -0.084      0.035     -2.408      0.016
    FAM_ENVIRO        -0.015      0.018     -0.813      0.416
    FAM_ENVIRO         0.023      0.016      1.430      0.153
    FAM_ENVIRO         0.455      0.038     11.886      0.000
    FAM_ENVIRO         0.072      0.029      2.518      0.012
    FAM_ENVIRO        -0.069      0.031     -2.255      0.024
    FAM_ENVIRO         0.547      0.046     11.987      0.000
    FAM_ENVIRO        -0.206      0.046     -4.507      0.000
    FAM_ENVIRO         0.038      0.026      1.476      0.140
    FAM_ENVIRO        -0.230      0.043     -5.313      0.000
    KSADS_PTSD        -0.088      0.054     -1.649      0.099
    KSADS_PTSD        -0.140      0.054     -2.614      0.009
    KSADS_PTSD         0.024      0.057      0.414      0.679
    KSADS_PTSD        -0.068      0.068     -0.992      0.321
    KSADS_PTSD         0.049      0.035      1.416      0.157
    KSADS_PTSD        -0.063      0.033     -1.897      0.058
    PARENT_MON         0.005      0.010      0.510      0.610
    PARENT_MON        -0.009      0.012     -0.728      0.467
    PARENT_MON         0.006      0.017      0.322      0.748
    PARENT_MON         0.059      0.025      2.338      0.019
    PARENT_MON        -0.044      0.020     -2.200      0.028
    NSC_P_SS_M         0.053      0.026      2.073      0.038
    NEIGHBORHO         0.024      0.024      1.005      0.315
    RESHIST_AD         0.343      0.428      0.801      0.423
    DEMO_PRIM_         0.181      0.088      2.057      0.040
    DEMO_PAREN        -0.077      0.033     -2.325      0.020
    KSADS_PTSD         0.002      0.041      0.057      0.955
    KSADS_PTSD         0.023      0.048      0.487      0.626
    KSADS_PTSD         0.035      0.055      0.639      0.523
    DEMO_FAM_E        -0.049      0.029     -1.681      0.093
    DEMO_FAM_E        -0.037      0.026     -1.423      0.155
    FAMHX_SS_M         0.067      0.044      1.510      0.131

 F14      BY
    FAMHX_SS_F        -0.016      0.031     -0.526      0.599
    FAMHX_SS_F         0.084      0.046      1.835      0.066
    ASR_SCR_AN         0.050      0.042      1.187      0.235
    ASR_SCR_SO         0.140      0.048      2.905      0.004
    ASR_SCR_DE        -0.100      0.044     -2.278      0.023
    ASR_SCR_AV         0.014      0.033      0.414      0.679
    ASR_SCR_AD        -0.063      0.059     -1.063      0.288
    ASR_SCR_AN         0.051      0.047      1.087      0.277
    DEMO_PRNT_         0.117      0.038      3.050      0.002
    DEMO_COMB_         0.060      0.053      1.123      0.261
    CRPBI_PARE         0.036      0.032      1.106      0.269
    CRPBI_CARE         0.049      0.033      1.489      0.136
    CRPBI_PARE         0.067      0.035      1.918      0.055
    CRPBI_CARE         0.022      0.027      0.832      0.406
    CRPBI_PARE        -0.001      0.027     -0.027      0.978
    CRPBI_CARE        -0.001      0.025     -0.055      0.956
    CRPBI_PARE         0.003      0.025      0.135      0.893
    CRPBI_CARE        -0.023      0.026     -0.867      0.386
    CRPBI_PARE        -0.040      0.039     -1.038      0.299
    CRPBI_CARE        -0.047      0.043     -1.090      0.276
    FES_YOUTH_        -0.030      0.028     -1.050      0.294
    FES_YOUTH_         0.017      0.033      0.514      0.607
    FES_YOUTH_         0.039      0.033      1.199      0.231
    FES_YOUTH_         0.003      0.035      0.089      0.929
    FES_YOUTH_         0.045      0.034      1.318      0.188
    FES_YOUTH_        -0.015      0.029     -0.498      0.618
    FES_YOUTH_        -0.025      0.041     -0.615      0.538
    FES_YOUTH_        -0.003      0.034     -0.087      0.931
    FES_YOUTH_         0.048      0.036      1.318      0.188
    FAM_ENVIRO        -0.014      0.029     -0.482      0.630
    FAM_ENVIRO        -0.013      0.023     -0.573      0.567
    FAM_ENVIRO         0.057      0.034      1.682      0.092
    FAM_ENVIRO        -0.006      0.022     -0.259      0.796
    FAM_ENVIRO         0.017      0.027      0.651      0.515
    FAM_ENVIRO        -0.022      0.023     -0.963      0.335
    FAM_ENVIRO         0.023      0.040      0.565      0.572
    FAM_ENVIRO        -0.005      0.026     -0.201      0.841
    FAM_ENVIRO         0.019      0.030      0.632      0.527
    KSADS_PTSD         0.012      0.056      0.222      0.824
    KSADS_PTSD        -0.109      0.066     -1.655      0.098
    KSADS_PTSD         0.042      0.065      0.641      0.521
    KSADS_PTSD        -0.032      0.065     -0.484      0.628
    KSADS_PTSD         0.093      0.049      1.900      0.057
    KSADS_PTSD         0.114      0.042      2.757      0.006
    PARENT_MON        -0.016      0.012     -1.295      0.195
    PARENT_MON         0.019      0.015      1.251      0.211
    PARENT_MON         0.028      0.022      1.266      0.205
    PARENT_MON         0.012      0.030      0.403      0.687
    PARENT_MON         0.011      0.023      0.474      0.635
    NSC_P_SS_M         0.485      0.042     11.467      0.000
    NEIGHBORHO         0.460      0.052      8.931      0.000
    RESHIST_AD         5.269      1.324      3.980      0.000
    DEMO_PRIM_        -0.048      0.049     -0.983      0.325
    DEMO_PAREN        -0.048      0.027     -1.771      0.077
    KSADS_PTSD         0.329      0.085      3.857      0.000
    KSADS_PTSD         0.001      0.053      0.012      0.991
    KSADS_PTSD         0.004      0.056      0.074      0.941
    DEMO_FAM_E         0.371      0.093      4.006      0.000
    DEMO_FAM_E         0.360      0.111      3.232      0.001
    FAMHX_SS_M         0.034      0.037      0.911      0.362

 F15      BY
    FAMHX_SS_F        -0.020      0.022     -0.909      0.363
    FAMHX_SS_F        -0.066      0.028     -2.363      0.018
    ASR_SCR_AN        -0.017      0.031     -0.546      0.585
    ASR_SCR_SO        -0.002      0.032     -0.069      0.945
    ASR_SCR_DE         0.016      0.031      0.510      0.610
    ASR_SCR_AV         0.019      0.024      0.799      0.424
    ASR_SCR_AD         0.002      0.040      0.051      0.960
    ASR_SCR_AN         0.004      0.031      0.126      0.899
    DEMO_PRNT_         0.032      0.014      2.364      0.018
    DEMO_COMB_         0.021      0.011      1.830      0.067
    CRPBI_PARE        -0.035      0.018     -1.944      0.052
    CRPBI_CARE        -0.013      0.014     -0.901      0.367
    CRPBI_PARE         0.080      0.021      3.748      0.000
    CRPBI_CARE         0.089      0.019      4.572      0.000
    CRPBI_PARE        -0.049      0.019     -2.585      0.010
    CRPBI_CARE         0.006      0.014      0.456      0.648
    CRPBI_PARE         0.035      0.018      1.960      0.050
    CRPBI_CARE         0.013      0.015      0.857      0.392
    CRPBI_PARE         0.016      0.014      1.180      0.238
    CRPBI_CARE        -0.006      0.012     -0.531      0.596
    FES_YOUTH_        -0.001      0.018     -0.064      0.949
    FES_YOUTH_        -0.034      0.019     -1.805      0.071
    FES_YOUTH_         0.047      0.022      2.168      0.030
    FES_YOUTH_         0.012      0.018      0.674      0.500
    FES_YOUTH_        -0.001      0.020     -0.035      0.972
    FES_YOUTH_         0.029      0.018      1.676      0.094
    FES_YOUTH_         0.007      0.026      0.282      0.778
    FES_YOUTH_        -0.048      0.022     -2.173      0.030
    FES_YOUTH_         0.037      0.024      1.563      0.118
    FAM_ENVIRO         0.003      0.019      0.133      0.894
    FAM_ENVIRO        -0.009      0.015     -0.577      0.564
    FAM_ENVIRO        -0.009      0.017     -0.518      0.604
    FAM_ENVIRO        -0.009      0.015     -0.615      0.538
    FAM_ENVIRO         0.052      0.021      2.468      0.014
    FAM_ENVIRO        -0.037      0.020     -1.915      0.056
    FAM_ENVIRO         0.042      0.029      1.436      0.151
    FAM_ENVIRO         0.043      0.022      1.963      0.050
    FAM_ENVIRO        -0.013      0.019     -0.674      0.500
    KSADS_PTSD         0.001      0.037      0.028      0.977
    KSADS_PTSD         0.007      0.039      0.184      0.854
    KSADS_PTSD        -0.137      0.058     -2.339      0.019
    KSADS_PTSD        -0.074      0.056     -1.329      0.184
    KSADS_PTSD        -0.005      0.028     -0.177      0.859
    KSADS_PTSD        -0.081      0.027     -3.023      0.003
    PARENT_MON         0.262      0.010     25.641      0.000
    PARENT_MON         0.483      0.017     29.010      0.000
    PARENT_MON         0.294      0.014     21.273      0.000
    PARENT_MON        -0.239      0.021    -11.386      0.000
    PARENT_MON         0.068      0.016      4.303      0.000
    NSC_P_SS_M        -0.018      0.016     -1.160      0.246
    NEIGHBORHO         0.082      0.022      3.711      0.000
    RESHIST_AD         0.320      0.390      0.821      0.412
    DEMO_PRIM_         0.045      0.035      1.279      0.201
    DEMO_PAREN        -0.048      0.020     -2.397      0.017
    KSADS_PTSD        -0.014      0.031     -0.450      0.653
    KSADS_PTSD         0.089      0.055      1.620      0.105
    KSADS_PTSD         0.005      0.041      0.132      0.895
    DEMO_FAM_E        -0.001      0.018     -0.083      0.934
    DEMO_FAM_E         0.008      0.019      0.434      0.664
    FAMHX_SS_M         0.055      0.030      1.819      0.069

 F2       WITH
    F1                 0.143      0.028      5.164      0.000

 F3       WITH
    F1                 0.043      0.022      1.997      0.046
    F2                 0.030      0.024      1.217      0.224

 F4       WITH
    F1                 0.074      0.018      4.204      0.000
    F2                 0.007      0.023      0.315      0.753
    F3                 0.497      0.027     18.631      0.000

 F5       WITH
    F1                 0.146      0.023      6.389      0.000
    F2                 0.154      0.028      5.515      0.000
    F3                 0.304      0.032      9.446      0.000
    F4                 0.281      0.022     12.561      0.000

 F6       WITH
    F1                 0.229      0.021     10.733      0.000
    F2                 0.296      0.028     10.740      0.000
    F3                 0.078      0.031      2.535      0.011
    F4                 0.032      0.025      1.287      0.198
    F5                 0.074      0.029      2.529      0.011

 F7       WITH
    F1                 0.283      0.018     15.335      0.000
    F2                 0.002      0.024      0.094      0.925
    F3                 0.091      0.022      4.129      0.000
    F4                 0.058      0.019      3.054      0.002
    F5                 0.181      0.023      7.915      0.000
    F6                 0.136      0.029      4.701      0.000

 F8       WITH
    F1                 0.208      0.026      8.051      0.000
    F2                 0.195      0.034      5.693      0.000
    F3                 0.016      0.043      0.369      0.712
    F4                -0.003      0.033     -0.100      0.921
    F5                 0.086      0.032      2.686      0.007
    F6                 0.184      0.038      4.829      0.000
    F7                 0.071      0.028      2.537      0.011

 F9       WITH
    F1                 0.387      0.020     19.163      0.000
    F2                 0.145      0.033      4.419      0.000
    F3                 0.041      0.025      1.646      0.100
    F4                 0.053      0.023      2.321      0.020
    F5                 0.270      0.027     10.066      0.000
    F6                 0.176      0.035      5.075      0.000
    F7                 0.408      0.035     11.612      0.000
    F8                 0.141      0.029      4.910      0.000

 F10      WITH
    F1                -0.066      0.046     -1.448      0.148
    F2                 0.022      0.042      0.527      0.598
    F3                 0.078      0.057      1.366      0.172
    F4                 0.091      0.044      2.082      0.037
    F5                 0.070      0.039      1.785      0.074
    F6                -0.036      0.047     -0.773      0.440
    F7                -0.024      0.035     -0.693      0.488
    F8                -0.090      0.051     -1.776      0.076
    F9                 0.008      0.046      0.179      0.858

 F11      WITH
    F1                -0.059      0.084     -0.700      0.484
    F2                -0.008      0.071     -0.110      0.912
    F3                 0.183      0.072      2.555      0.011
    F4                 0.051      0.069      0.733      0.463
    F5                 0.024      0.161      0.149      0.882
    F6                -0.009      0.062     -0.137      0.891
    F7                 0.047      0.055      0.861      0.389
    F8                -0.009      0.066     -0.139      0.890
    F9                -0.052      0.089     -0.586      0.558
    F10                0.055      0.063      0.873      0.383

 F12      WITH
    F1                 0.016      0.039      0.408      0.684
    F2                 0.076      0.078      0.971      0.331
    F3                -0.051      0.044     -1.154      0.249
    F4                 0.019      0.042      0.450      0.653
    F5                 0.068      0.048      1.413      0.158
    F6                 0.029      0.037      0.795      0.427
    F7                -0.017      0.029     -0.581      0.561
    F8                -0.054      0.037     -1.458      0.145
    F9                 0.015      0.038      0.401      0.689
    F10                0.068      0.049      1.394      0.163
    F11                0.023      0.060      0.387      0.699

 F13      WITH
    F1                -0.055      0.037     -1.496      0.135
    F2                 0.026      0.035      0.763      0.446
    F3                -0.022      0.029     -0.746      0.456
    F4                -0.067      0.029     -2.319      0.020
    F5                 0.005      0.038      0.142      0.887
    F6                 0.009      0.038      0.241      0.810
    F7                 0.050      0.045      1.111      0.267
    F8                -0.011      0.037     -0.296      0.767
    F9                -0.142      0.046     -3.065      0.002
    F10               -0.004      0.040     -0.107      0.915
    F11                0.032      0.047      0.674      0.501
    F12               -0.055      0.033     -1.678      0.093

 F14      WITH
    F1                 0.298      0.031      9.483      0.000
    F2                 0.516      0.043     12.058      0.000
    F3                 0.096      0.040      2.377      0.017
    F4                 0.081      0.035      2.275      0.023
    F5                 0.213      0.049      4.362      0.000
    F6                 0.238      0.039      6.158      0.000
    F7                 0.094      0.029      3.232      0.001
    F8                 0.209      0.038      5.493      0.000
    F9                 0.200      0.044      4.544      0.000
    F10                0.045      0.040      1.117      0.264
    F11               -0.008      0.063     -0.125      0.901
    F12               -0.146      0.065     -2.237      0.025
    F13                0.044      0.044      0.991      0.322

 F15      WITH
    F1                 0.030      0.023      1.327      0.185
    F2                 0.115      0.025      4.686      0.000
    F3                 0.332      0.029     11.423      0.000
    F4                 0.208      0.027      7.820      0.000
    F5                 0.249      0.027      9.201      0.000
    F6                 0.028      0.027      1.027      0.305
    F7                 0.011      0.023      0.471      0.638
    F8                -0.013      0.029     -0.445      0.656
    F9                 0.022      0.030      0.738      0.461
    F10                0.088      0.041      2.150      0.032
    F11                0.079      0.065      1.220      0.222
    F12                0.013      0.032      0.398      0.690
    F13                0.064      0.031      2.067      0.039
    F14                0.115      0.033      3.448      0.001

 Intercepts
    ASR_SCR_AN         3.695      0.034    107.219      0.000
    ASR_SCR_SO         1.871      0.040     46.589      0.000
    ASR_SCR_DE         3.949      0.059     67.042      0.000
    ASR_SCR_AV         2.014      0.035     57.451      0.000
    ASR_SCR_AD         3.769      0.060     62.675      0.000
    ASR_SCR_AN         2.091      0.043     48.842      0.000
    PARENT_MON         1.263      0.011    112.712      0.000
    PARENT_MON         1.386      0.018     78.278      0.000
    PARENT_MON         1.436      0.020     70.972      0.000
    PARENT_MON         3.738      0.017    220.140      0.000
    PARENT_MON         1.637      0.018     90.930      0.000
    NSC_P_SS_M        -3.943      0.014   -290.354      0.000
    NEIGHBORHO         1.917      0.017    113.194      0.000
    RESHIST_AD        93.985      0.370    253.687      0.000

 Thresholds
    FAMHX_SS$1         1.175      0.020     60.095      0.000
    FAMHX_SS$1         1.373      0.022     63.617      0.000
    DEMO_PRN$1        -0.309      0.015    -20.118      0.000
    DEMO_PRN$2         0.385      0.015     24.828      0.000
    DEMO_PRN$3         1.231      0.020     61.320      0.000
    DEMO_PRN$4         1.866      0.030     62.547      0.000
    DEMO_COM$1        -1.165      0.019    -59.852      0.000
    DEMO_COM$2        -0.135      0.015     -8.929      0.000
    DEMO_COM$3         0.251      0.015     16.474      0.000
    DEMO_COM$4         0.634      0.016     39.048      0.000
    DEMO_COM$5         0.912      0.018     51.798      0.000
    DEMO_COM$6         1.145      0.019     59.339      0.000
    DEMO_COM$7         1.362      0.021     63.481      0.000
    DEMO_COM$8         1.531      0.024     64.747      0.000
    DEMO_COM$9         1.872      0.030     62.453      0.000
    CRPBI_PA$1         0.819      0.017     47.949      0.000
    CRPBI_PA$2         2.045      0.035     59.205      0.000
    CRPBI_CA$1         0.405      0.016     26.045      0.000
    CRPBI_CA$2         1.641      0.025     64.681      0.000
    CRPBI_PA$1         0.723      0.017     43.525      0.000
    CRPBI_PA$2         2.101      0.036     57.908      0.000
    CRPBI_CA$1         0.563      0.016     35.189      0.000
    CRPBI_CA$2         1.693      0.026     64.416      0.000
    CRPBI_PA$1         0.892      0.017     51.023      0.000
    CRPBI_PA$2         2.172      0.039     56.116      0.000
    CRPBI_CA$1         0.593      0.016     36.854      0.000
    CRPBI_CA$2         1.796      0.028     63.478      0.000
    CRPBI_PA$1         1.554      0.024     64.789      0.000
    CRPBI_PA$2         2.635      0.063     41.905      0.000
    CRPBI_CA$1         1.208      0.020     60.852      0.000
    CRPBI_CA$2         2.270      0.043     53.410      0.000
    CRPBI_PA$1         0.525      0.016     33.116      0.000
    CRPBI_PA$2         1.916      0.031     61.746      0.000
    CRPBI_CA$1         0.398      0.016     25.639      0.000
    CRPBI_CA$2         1.571      0.024     64.802      0.000
    FES_YOUT$1         0.738      0.017     44.255      0.000
    FES_YOUT$1         0.477      0.016     30.325      0.000
    FES_YOUT$1         1.180      0.020     60.198      0.000
    FES_YOUT$1         0.366      0.015     23.706      0.000
    FES_YOUT$1         0.894      0.017     51.109      0.000
    FES_YOUT$1         0.817      0.017     47.860      0.000
    FES_YOUT$1         1.369      0.022     63.572      0.000
    FES_YOUT$1         0.776      0.017     46.045      0.000
    FES_YOUT$1         0.721      0.017     43.433      0.000
    FAM_ENVI$1         0.993      0.018     54.798      0.000
    FAM_ENVI$1         0.001      0.015      0.048      0.962
    FAM_ENVI$1         1.156      0.019     59.624      0.000
    FAM_ENVI$1        -0.035      0.015     -2.335      0.020
    FAM_ENVI$1         0.474      0.016     30.135      0.000
    FAM_ENVI$1         1.227      0.020     61.240      0.000
    FAM_ENVI$1         1.240      0.020     61.508      0.000
    FAM_ENVI$1         1.001      0.018     55.043      0.000
    FAM_ENVI$1        -0.009      0.015     -0.578      0.563
    KSADS_PT$1         1.775      0.028     63.717      0.000
    KSADS_PT$1         1.695      0.026     64.406      0.000
    KSADS_PT$1         2.000      0.033     60.164      0.000
    KSADS_PT$1         1.971      0.032     60.737      0.000
    KSADS_PT$1         1.463      0.023     64.443      0.000
    KSADS_PT$1         0.712      0.017     42.998      0.000
    DEMO_PRI$1         1.942      0.032     61.292      0.000
    DEMO_PAR$1         0.781      0.017     46.270      0.000
    KSADS_PT$1         2.266      0.042     53.546      0.000
    KSADS_PT$2         2.978      0.097     30.755      0.000
    KSADS_PT$1         2.176      0.039     56.015      0.000
    KSADS_PT$2         2.978      0.097     30.755      0.000
    KSADS_PT$1         2.108      0.036     57.747      0.000
    KSADS_PT$2         2.922      0.090     32.529      0.000
    DEMO_FAM$1         1.044      0.018     56.468      0.000
    DEMO_FAM$2         1.795      0.028     63.499      0.000
    DEMO_FAM$3         2.685      0.067     40.251      0.000
    DEMO_FAM$1         1.284      0.021     62.330      0.000
    DEMO_FAM$2         1.817      0.029     63.230      0.000
    FAMHX_SS$1         1.616      0.025     64.755      0.000
    FAMHX_SS$2         2.204      0.040     55.267      0.000

 Variances
    F1                 1.000      0.000    999.000    999.000
    F2                 1.000      0.000    999.000    999.000
    F3                 1.000      0.000    999.000    999.000
    F4                 1.000      0.000    999.000    999.000
    F5                 1.000      0.000    999.000    999.000
    F6                 1.000      0.000    999.000    999.000
    F7                 1.000      0.000    999.000    999.000
    F8                 1.000      0.000    999.000    999.000
    F9                 1.000      0.000    999.000    999.000
    F10                1.000      0.000    999.000    999.000
    F11                1.000      0.000    999.000    999.000
    F12                1.000      0.000    999.000    999.000
    F13                1.000      0.000    999.000    999.000
    F14                1.000      0.000    999.000    999.000
    F15                1.000      0.000    999.000    999.000

 Residual Variances
    ASR_SCR_AN         3.054      0.056     54.521      0.000
    ASR_SCR_SO         3.388      0.052     65.076      0.000
    ASR_SCR_DE         2.553      0.077     33.106      0.000
    ASR_SCR_AV         2.368      0.038     61.801      0.000
    ASR_SCR_AD         5.770      0.105     54.889      0.000
    ASR_SCR_AN         3.205      0.050     63.870      0.000
    PARENT_MON         0.216      0.004     48.406      0.000
    PARENT_MON         0.391      0.012     31.754      0.000
    PARENT_MON         0.637      0.011     56.940      0.000
    PARENT_MON         1.168      0.025     46.026      0.000
    PARENT_MON         0.797      0.016     48.574      0.000
    NSC_P_SS_M         0.580      0.023     25.101      0.000
    NEIGHBORHO         0.806      0.027     29.853      0.000
    RESHIST_AD       284.545      5.858     48.574      0.000


QUALITY OF NUMERICAL RESULTS

     Condition Number for the Information Matrix              0.144E-06
       (ratio of smallest to largest eigenvalue)


R-SQUARE

    Observed                   Residual
    Variable        Estimate   Variance

    FAMHX_SS           0.575      0.425
    FAMHX_SS           0.764      0.236
    ASR_SCR_           0.531
    ASR_SCR_           0.359
    ASR_SCR_           0.804
    ASR_SCR_           0.481
    ASR_SCR_           0.565
    ASR_SCR_           0.475
    DEMO_PRN           0.539      0.461
    DEMO_COM           0.919      0.081
    CRPBI_PA           0.651      0.349
    CRPBI_CA           0.721      0.279
    CRPBI_PA           0.488      0.512
    CRPBI_CA           0.511      0.489
    CRPBI_PA           0.659      0.341
    CRPBI_CA           0.690      0.310
    CRPBI_PA           0.841      0.159
    CRPBI_CA           0.778      0.222
    CRPBI_PA           0.626      0.374
    CRPBI_CA           0.775      0.225
    FES_YOUT           0.586      0.414
    FES_YOUT           0.506      0.494
    FES_YOUT           0.572      0.428
    FES_YOUT           0.528      0.472
    FES_YOUT           0.410      0.590
    FES_YOUT           0.613      0.387
    FES_YOUT           0.358      0.642
    FES_YOUT           0.337      0.663
    FES_YOUT           0.188      0.812
    FAM_ENVI           0.659      0.341
    FAM_ENVI           0.661      0.339
    FAM_ENVI           0.607      0.393
    FAM_ENVI           0.727      0.273
    FAM_ENVI           0.569      0.431
    FAM_ENVI           0.741      0.259
    FAM_ENVI           0.224      0.776
    FAM_ENVI           0.527      0.473
    FAM_ENVI           0.275      0.725
    KSADS_PT           0.297      0.703
    KSADS_PT           0.259      0.741
    KSADS_PT           0.342      0.658
    KSADS_PT           0.391      0.609
    KSADS_PT           0.526      0.474
    KSADS_PT           0.181      0.819
    PARENT_M           0.270
    PARENT_M           0.374
    PARENT_M           0.150
    PARENT_M           0.165
    PARENT_M           0.097
    NSC_P_SS           0.321
    NEIGHBOR           0.264
    RESHIST_           0.369
    DEMO_PRI           0.592      0.408
    DEMO_PAR           0.540      0.460
    KSADS_PT           0.900      0.100
    KSADS_PT           0.714      0.286
    KSADS_PT           0.577      0.423
    DEMO_FAM           0.668      0.332
    DEMO_FAM           0.558      0.442
    FAMHX_SS           0.656      0.344


     Beginning Time:  11:03:35
        Ending Time:  11:04:42
       Elapsed Time:  00:01:07



MUTHEN & MUTHEN
3463 Stoner Ave.
Los Angeles, CA  90066

Tel: (310) 391-9971
Fax: (310) 391-8971
Web: www.StatModel.com
Support: Support@StatModel.com

Copyright (c) 1998-2021 Muthen & Muthen
